<?xml version="1.0" encoding="UTF-8"?>
<!-- Generated by org.testng.reporters.JUnitReportReporter -->
<testsuite skipped="0" hostname="DESKTOP-TVUQG8P" name="qaclickacademy.SeleniumTest" tests="2" failures="0" timestamp="14 Oct 2019 19:34:50 GMT" time="0.004" errors="0">
  <testcase name="BrowserAutomatio" time="0.000" classname="qaclickacademy.SeleniumTest"/>
  <testcase name="element" time="0.004" classname="qaclickacademy.SeleniumTest"/>
</testsuite> <!-- qaclickacademy.SeleniumTest -->
