<?xml version="1.0" encoding="UTF-8"?>
<!-- Generated by org.testng.reporters.JUnitReportReporter -->
<testsuite skipped="0" hostname="DESKTOP-TVUQG8P" name="qaclickacademy.AppiumTest" tests="2" failures="0" timestamp="14 Oct 2019 19:34:50 GMT" time="0.022" errors="0">
  <testcase name="NativeAndroid" time="0.001" classname="qaclickacademy.AppiumTest"/>
  <testcase name="IOSApps" time="0.021" classname="qaclickacademy.AppiumTest"/>
</testsuite> <!-- qaclickacademy.AppiumTest -->
